<?xml version="1.0" encoding="UTF-8"?>
<!-- Generated by org.testng.reporters.JUnitReportReporter -->
<testsuite hostname="Woovlys-MacBook-Air-3.local" failures="0" tests="2" name="qaclickacademy.RestApi" time="0.000" errors="0" timestamp="2022-03-03T18:19:26 IST" skipped="0">
  <testcase classname="qaclickacademy.RestApi" name="Post" time="0.000"/>
  <system-out/>
  <testcase classname="qaclickacademy.RestApi" name="Get" time="0.000"/>
  <system-out/>
</testsuite> <!-- qaclickacademy.RestApi -->
