<?xml version="1.0" encoding="UTF-8"?>
<!-- Generated by org.testng.reporters.JUnitReportReporter -->
<testsuite hostname="Woovlys-MacBook-Air-3.local" failures="0" tests="4" name="qaclickacademy.Selenium" time="0.000" errors="0" timestamp="2022-03-03T18:19:26 IST" skipped="0">
  <testcase classname="qaclickacademy.Selenium" name="Explorer" time="0.000"/>
  <system-out/>
  <testcase classname="qaclickacademy.Selenium" name="Brave" time="0.000"/>
  <system-out/>
  <testcase classname="qaclickacademy.Selenium" name="FireFox" time="0.000"/>
  <system-out/>
  <testcase classname="qaclickacademy.Selenium" name="Chrome" time="0.000"/>
  <system-out/>
</testsuite> <!-- qaclickacademy.Selenium -->
