<?xml version="1.0" encoding="UTF-8"?>
<!-- Generated by org.testng.reporters.JUnitReportReporter -->
<testsuite hostname="Woovlys-MacBook-Air-3.local" failures="0" tests="4" name="qaclickacademy.Appium" time="0.004" errors="0" timestamp="2022-03-03T18:19:26 IST" skipped="0">
  <testcase classname="qaclickacademy.Appium" name="Mobile" time="0.000"/>
  <system-out/>
  <testcase classname="qaclickacademy.Appium" name="Web" time="0.000"/>
  <system-out/>
  <testcase classname="qaclickacademy.Appium" name="Android" time="0.004"/>
  <system-out/>
  <testcase classname="qaclickacademy.Appium" name="Ios" time="0.000"/>
  <system-out/>
</testsuite> <!-- qaclickacademy.Appium -->
